[14-Mar-2025 00:25:49 UTC] PHP Fatal error:  Out of memory (allocated 35651584) (tried to allocate 2097152 bytes) in /workspaces/UX308Lab6/.wordpress/wp-content/plugins/ecommerce-product-catalog/modules/price/price-meta.php on line 70
[14-Mar-2025 00:25:50 UTC] PHP Fatal error:  Out of memory (allocated 33554432) (tried to allocate 2097152 bytes) in /workspaces/UX308Lab6/.wordpress/wp-content/plugins/ecommerce-product-catalog/modules/price/price-meta.php on line 32
[14-Mar-2025 00:25:53 UTC] PHP Fatal error:  Out of memory (allocated 31457280) (tried to allocate 2097152 bytes) in /workspaces/UX308Lab6/.wordpress/wp-content/plugins/ecommerce-product-catalog/modules/price/price-meta.php on line 70
[14-Mar-2025 00:25:54 UTC] PHP Fatal error:  Out of memory (allocated 29360128) (tried to allocate 2097152 bytes) in /workspaces/UX308Lab6/.wordpress/wp-content/plugins/ecommerce-product-catalog/modules/price/price-meta.php on line 70
[14-Mar-2025 00:25:58 UTC] PHP Fatal error:  Out of memory (allocated 29360128) (tried to allocate 2097152 bytes) in /workspaces/UX308Lab6/.wordpress/wp-content/plugins/ecommerce-product-catalog/modules/price/price-settings.php on line 28
[14-Mar-2025 00:25:59 UTC] PHP Fatal error:  Out of memory (allocated 29360128) (tried to allocate 2097152 bytes) in /workspaces/UX308Lab6/.wordpress/wp-content/plugins/ecommerce-product-catalog/modules/price/price-meta.php on line 32
[14-Mar-2025 00:26:03 UTC] PHP Fatal error:  Out of memory (allocated 29360128) (tried to allocate 2097152 bytes) in /workspaces/UX308Lab6/.wordpress/wp-content/plugins/ecommerce-product-catalog/modules/price/price-settings.php on line 30
[14-Mar-2025 00:26:03 UTC] PHP Fatal error:  Out of memory (allocated 29360128) (tried to allocate 2097152 bytes) in /workspaces/UX308Lab6/.wordpress/wp-content/plugins/ecommerce-product-catalog/modules/price/price-settings.php on line 30
[14-Mar-2025 00:26:03 UTC] PHP Fatal error:  Out of memory (allocated 29360128) (tried to allocate 2097152 bytes) in /workspaces/UX308Lab6/.wordpress/wp-content/plugins/ecommerce-product-catalog/modules/price/price-settings.php on line 30
[14-Mar-2025 00:26:04 UTC] PHP Fatal error:  Out of memory (allocated 29360128) (tried to allocate 2097152 bytes) in /workspaces/UX308Lab6/.wordpress/wp-content/plugins/ecommerce-product-catalog/modules/price/price-settings.php on line 28
[14-Mar-2025 00:26:06 UTC] PHP Fatal error:  Out of memory (allocated 29360128) (tried to allocate 2097152 bytes) in /workspaces/UX308Lab6/.wordpress/wp-content/plugins/ecommerce-product-catalog/modules/price/price-settings.php on line 28
[14-Mar-2025 00:26:09 UTC] PHP Fatal error:  Out of memory (allocated 29360128) (tried to allocate 2097152 bytes) in /workspaces/UX308Lab6/.wordpress/wp-content/plugins/ecommerce-product-catalog/modules/price/price-meta.php on line 32
[14-Mar-2025 00:26:10 UTC] PHP Fatal error:  Out of memory (allocated 29360128) (tried to allocate 2097152 bytes) in /workspaces/UX308Lab6/.wordpress/wp-content/plugins/ecommerce-product-catalog/modules/price/price-settings.php on line 28
[14-Mar-2025 00:26:13 UTC] PHP Fatal error:  Out of memory (allocated 29360128) (tried to allocate 2097152 bytes) in /workspaces/UX308Lab6/.wordpress/wp-content/plugins/ecommerce-product-catalog/modules/price/price-meta.php on line 57
[14-Mar-2025 00:26:14 UTC] PHP Fatal error:  Out of memory (allocated 29360128) (tried to allocate 2097152 bytes) in /workspaces/UX308Lab6/.wordpress/wp-content/plugins/ecommerce-product-catalog/modules/index.php on line 15
[14-Mar-2025 00:26:24 UTC] PHP Fatal error:  Out of memory (allocated 29360128) (tried to allocate 2097152 bytes) in /workspaces/UX308Lab6/.wordpress/wp-content/plugins/ecommerce-product-catalog/functions/shortcodes.php on line 142
[14-Mar-2025 00:26:27 UTC] PHP Fatal error:  Out of memory (allocated 29360128) (tried to allocate 2097152 bytes) in /workspaces/UX308Lab6/.wordpress/wp-content/plugins/ecommerce-product-catalog/modules/price/price-settings.php on line 31
[14-Mar-2025 00:26:29 UTC] PHP Fatal error:  Out of memory (allocated 29360128) (tried to allocate 2097152 bytes) in /workspaces/UX308Lab6/.wordpress/wp-content/plugins/ecommerce-product-catalog/modules/index.php on line 15
[14-Mar-2025 00:26:34 UTC] PHP Fatal error:  Out of memory (allocated 29360128) (tried to allocate 2097152 bytes) in /workspaces/UX308Lab6/.wordpress/wp-content/plugins/ecommerce-product-catalog/modules/index.php on line 15
[14-Mar-2025 00:26:47 UTC] PHP Fatal error:  Out of memory (allocated 29360128) (tried to allocate 2097152 bytes) in /workspaces/UX308Lab6/.wordpress/wp-content/plugins/ecommerce-product-catalog/modules/price/price-settings.php on line 31
[14-Mar-2025 00:27:13 UTC] PHP Fatal error:  Out of memory (allocated 29360128) (tried to allocate 2097152 bytes) in /workspaces/UX308Lab6/.wordpress/wp-content/plugins/ecommerce-product-catalog/modules/price/price-settings.php on line 31
[14-Mar-2025 00:27:22 UTC] PHP Fatal error:  Out of memory (allocated 29360128) (tried to allocate 2097152 bytes) in /workspaces/UX308Lab6/.wordpress/wp-content/plugins/ecommerce-product-catalog/modules/price/price-settings.php on line 31
[14-Mar-2025 00:53:28 UTC] PHP Fatal error:  Out of memory (allocated 33554432) (tried to allocate 2097152 bytes) in /workspaces/UX308Lab6/.wordpress/wp-content/plugins/ecommerce-product-catalog/modules/price/price-settings.php on line 26
[14-Mar-2025 00:53:28 UTC] PHP Fatal error:  Out of memory (allocated 31457280) (tried to allocate 2097152 bytes) in /workspaces/UX308Lab6/.wordpress/wp-content/plugins/ecommerce-product-catalog/modules/price/price-settings.php on line 28
[14-Mar-2025 00:53:29 UTC] PHP Fatal error:  Out of memory (allocated 29360128) (tried to allocate 2097152 bytes) in /workspaces/UX308Lab6/.wordpress/wp-content/plugins/ecommerce-product-catalog/modules/price/price-settings.php on line 28
[14-Mar-2025 00:53:29 UTC] PHP Fatal error:  Out of memory (allocated 29360128) (tried to allocate 2097152 bytes) in /workspaces/UX308Lab6/.wordpress/wp-content/plugins/ecommerce-product-catalog/modules/price/price-settings.php on line 28
[14-Mar-2025 00:53:29 UTC] PHP Fatal error:  Out of memory (allocated 29360128) (tried to allocate 2097152 bytes) in /workspaces/UX308Lab6/.wordpress/wp-content/plugins/ecommerce-product-catalog/modules/price/price-settings.php on line 28
[14-Mar-2025 00:53:35 UTC] PHP Fatal error:  Out of memory (allocated 29360128) (tried to allocate 2097152 bytes) in /workspaces/UX308Lab6/.wordpress/wp-content/plugins/ecommerce-product-catalog/modules/price/price-meta.php on line 32
[14-Mar-2025 00:54:06 UTC] PHP Fatal error:  Out of memory (allocated 29360128) (tried to allocate 2097152 bytes) in /workspaces/UX308Lab6/.wordpress/wp-content/plugins/ecommerce-product-catalog/modules/price/price-meta.php on line 32
[14-Mar-2025 00:54:16 UTC] PHP Fatal error:  Out of memory (allocated 29360128) (tried to allocate 2097152 bytes) in /workspaces/UX308Lab6/.wordpress/wp-content/plugins/ecommerce-product-catalog/modules/price/price-meta.php on line 32
[14-Mar-2025 00:54:22 UTC] PHP Fatal error:  Out of memory (allocated 29360128) (tried to allocate 2097152 bytes) in /workspaces/UX308Lab6/.wordpress/wp-content/plugins/ecommerce-product-catalog/modules/price/price-settings.php on line 26
[14-Mar-2025 00:54:25 UTC] PHP Fatal error:  Out of memory (allocated 29360128) (tried to allocate 2097152 bytes) in /workspaces/UX308Lab6/.wordpress/wp-content/plugins/ecommerce-product-catalog/modules/price/price-settings.php on line 26
[14-Mar-2025 00:54:26 UTC] PHP Fatal error:  Out of memory (allocated 29360128) (tried to allocate 2097152 bytes) in /workspaces/UX308Lab6/.wordpress/wp-content/plugins/ecommerce-product-catalog/modules/price/price-meta.php on line 32
[14-Mar-2025 00:54:28 UTC] PHP Fatal error:  Out of memory (allocated 29360128) (tried to allocate 2097152 bytes) in /workspaces/UX308Lab6/.wordpress/wp-content/plugins/ecommerce-product-catalog/modules/price/price-settings.php on line 28
[14-Mar-2025 00:54:28 UTC] PHP Fatal error:  Out of memory (allocated 29360128) (tried to allocate 2097152 bytes) in /workspaces/UX308Lab6/.wordpress/wp-content/plugins/ecommerce-product-catalog/modules/price/price-settings.php on line 28
[14-Mar-2025 00:54:28 UTC] PHP Fatal error:  Out of memory (allocated 29360128) (tried to allocate 2097152 bytes) in /workspaces/UX308Lab6/.wordpress/wp-content/plugins/ecommerce-product-catalog/modules/price/price-settings.php on line 28
[14-Mar-2025 00:54:29 UTC] PHP Fatal error:  Out of memory (allocated 29360128) (tried to allocate 2097152 bytes) in /workspaces/UX308Lab6/.wordpress/wp-content/plugins/ecommerce-product-catalog/modules/price/price-settings.php on line 26
[14-Mar-2025 00:54:31 UTC] PHP Fatal error:  Out of memory (allocated 29360128) (tried to allocate 2097152 bytes) in /workspaces/UX308Lab6/.wordpress/wp-content/plugins/ecommerce-product-catalog/modules/price/price-meta.php on line 38
[14-Mar-2025 00:54:32 UTC] PHP Fatal error:  Out of memory (allocated 29360128) (tried to allocate 2097152 bytes) in /workspaces/UX308Lab6/.wordpress/wp-content/plugins/ecommerce-product-catalog/modules/price/price-functions.php on line 104
[14-Mar-2025 00:54:42 UTC] PHP Fatal error:  Out of memory (allocated 29360128) (tried to allocate 2097152 bytes) in /workspaces/UX308Lab6/.wordpress/wp-content/plugins/ecommerce-product-catalog/modules/price/price-settings.php on line 31
[14-Mar-2025 00:54:57 UTC] PHP Fatal error:  Out of memory (allocated 29360128) (tried to allocate 2097152 bytes) in /workspaces/UX308Lab6/.wordpress/wp-content/plugins/ecommerce-product-catalog/modules/price/price-settings.php on line 31
[20-Mar-2025 23:26:04 UTC] PHP Warning:  Undefined variable $parent_theme_name in /workspaces/UX308Assignment2/.wordpress/wp-content/mu-plugins/one-click-child-theme/templates/create_child_form.php on line 18
[20-Mar-2025 23:29:23 UTC] PHP Parse error:  syntax error, unexpected token ";", expecting ")" in /workspaces/UX308Assignment2/.wordpress/wp-content/themes/chatbot/functions.php on line 14
[20-Mar-2025 23:29:23 UTC] PHP Warning:  Trying to access array offset on value of type bool in /workspaces/UX308Assignment2/.wordpress/wp-includes/class-wp-recovery-mode-email-service.php on line 367
[20-Mar-2025 23:29:23 UTC] PHP Warning:  Trying to access array offset on value of type bool in /workspaces/UX308Assignment2/.wordpress/wp-includes/class-wp-recovery-mode-email-service.php on line 368
[20-Mar-2025 23:29:23 UTC] PHP Fatal error:  Uncaught Error: Call to undefined function ic_string_contains() in /workspaces/UX308Assignment2/.wordpress/wp-content/plugins/ecommerce-product-catalog/includes/tracking.php:454
Stack trace:
#0 /workspaces/UX308Assignment2/.wordpress/wp-includes/class-wp-hook.php(324): IC_EPC_Tracking->paused_plugin_report_email(Array, 'http://localhos...')
#1 /workspaces/UX308Assignment2/.wordpress/wp-includes/plugin.php(205): WP_Hook->apply_filters(Array, Array)
#2 /workspaces/UX308Assignment2/.wordpress/wp-includes/class-wp-recovery-mode-email-service.php(223): apply_filters('recovery_mode_e...', Array, 'http://localhos...')
#3 /workspaces/UX308Assignment2/.wordpress/wp-includes/class-wp-recovery-mode-email-service.php(62): WP_Recovery_Mode_Email_Service->send_recovery_mode_email(86400, Array, Array)
#4 /workspaces/UX308Assignment2/.wordpress/wp-includes/class-wp-recovery-mode.php(185): WP_Recovery_Mode_Email_Service->maybe_send_recovery_mode_email(86400, Array, Array)
#5 /workspaces/UX308Assignment2/.wordpress/wp-includes/class-wp-fatal-error-handler.php(55): WP_Recovery_Mode->handle_error(Array)
#6 [internal function]: WP_Fatal_Error_Handler->handle()
#7 {main}
  thrown in /workspaces/UX308Assignment2/.wordpress/wp-content/plugins/ecommerce-product-catalog/includes/tracking.php on line 454
[20-Mar-2025 23:30:46 UTC] PHP Parse error:  syntax error, unexpected token ";", expecting ")" in /workspaces/UX308Assignment2/.wordpress/wp-content/themes/chatbot/functions.php on line 14
[20-Mar-2025 23:30:50 UTC] PHP Parse error:  syntax error, unexpected token ";", expecting ")" in /workspaces/UX308Assignment2/.wordpress/wp-content/themes/chatbot/functions.php on line 14
[20-Mar-2025 23:31:01 UTC] PHP Parse error:  syntax error, unexpected token ";", expecting ")" in /workspaces/UX308Assignment2/.wordpress/wp-content/themes/chatbot/functions.php on line 14
[20-Mar-2025 23:31:04 UTC] PHP Parse error:  syntax error, unexpected token ";", expecting ")" in /workspaces/UX308Assignment2/.wordpress/wp-content/themes/chatbot/functions.php on line 14
[20-Mar-2025 23:31:29 UTC] PHP Parse error:  syntax error, unexpected token ";", expecting ")" in /workspaces/UX308Assignment2/.wordpress/wp-content/themes/chatbot/functions.php on line 14
